<?xml version='1.0' encoding='UTF-8'?>
<testsuite hostname="Delli" name="model.PlayerSpec" tests="2" errors="0" failures="0" skipped="0" time="0.057" timestamp="2024-10-25T09:48:20">
          <properties>
      <property name="jline.esc.timeout" value="0"/><property name="java.runtime.name" value="Java(TM) SE Runtime Environment"/><property name="sun.boot.library.path" value="C:\Program Files\Java\jre1.8.0_431\bin"/><property name="java.vm.version" value="25.431-b10"/><property name="java.vm.vendor" value="Oracle Corporation"/><property name="java.vendor.url" value="http://java.oracle.com/"/><property name="path.separator" value=";"/><property name="jna.loaded" value="true"/><property name="java.vm.name" value="Java HotSpot(TM) 64-Bit Server VM"/><property name="file.encoding.pkg" value="sun.io"/><property name="user.country" value="DE"/><property name="user.script" value=""/><property name="sun.java.launcher" value="SUN_STANDARD"/><property name="sun.os.patch.level" value=""/><property name="jna.nosys" value="true"/><property name="java.vm.specification.name" value="Java Virtual Machine Specification"/><property name="user.dir" value="C:\Users\coreu\Documents\#Studium\Software Engineering\SE_Kitty_Card"/><property name="java.runtime.version" value="1.8.0_431-b10"/><property name="java.awt.graphicsenv" value="sun.awt.Win32GraphicsEnvironment"/><property name="java.endorsed.dirs" value="C:\Program Files\Java\jre1.8.0_431\lib\endorsed"/><property name="os.arch" value="amd64"/><property name="java.io.tmpdir" value="C:\Users\coreu\AppData\Local\Temp\"/><property name="line.separator" value="
"/><property name="java.vm.specification.vendor" value="Oracle Corporation"/><property name="log4j.ignoreTCL" value="true"/><property name="user.variant" value=""/><property name="os.name" value="Windows 11"/><property name="sun.jnu.encoding" value="Cp1252"/><property name="jnidispatch.path" value="C:\Users\coreu\AppData\Local\Temp\jna-94848182\jna8408369715389300113.dll"/><property name="java.library.path" value="C:\Program Files\Java\jre1.8.0_431\bin;C:\WINDOWS\Sun\Java\bin;C:\WINDOWS\system32;C:\WINDOWS;C:\Program Files (x86)\Common Files\Oracle\Java\java8path;C:\Program Files (x86)\Common Files\Oracle\Java\javapath;C:\ProgramData\Oracle\Java\javapath;C:\WINDOWS\system32;C:\WINDOWS;C:\WINDOWS\System32\Wbem;C:\WINDOWS\System32\WindowsPowerShell\v1.0\;C:\Program Files (x86)\Skype\Phone\;C:\WINDOWS\System32\OpenSSH\;C:\Program Files\Process Lasso\;C:\Program Files\TortoiseHg\;C:\Program Files\dotnet\;C:\Program Files\Git\cmd;C:\Program Files (x86)\sbt\bin;;C:\Program Files\Docker\Docker\resources\bin;C:\Users\coreu\AppData\Local\Programs\Python\Python312\Scripts\;C:\Users\coreu\AppData\Local\Programs\Python\Python312\;C:\Users\coreu\AppData\Local\Microsoft\WindowsApps;C:\CodeTools\jdk-21\bin;C:\CodeTools\apache-ant-1.10.14\bin;C:\CodeTools\astyle-3.4.8-x64;C:\Users\coreu\AppData\Local\Programs\Microsoft VS Code\bin;C:\Program Files (x86)\GnuWin32\bin;;C:\Users\coreu\AppData\Local\JetBrains\IntelliJ IDEA 2024.2.3\bin;;."/><property name="java.specification.name" value="Java Platform API Specification"/><property name="java.class.version" value="52.0"/><property name="sbt.ipcsocket.tmpdir" value="C:\Users\coreu\AppData\Local\Temp\.sbtdf69c53e\ipcsocket"/><property name="sun.management.compiler" value="HotSpot 64-Bit Tiered Compilers"/><property name="os.version" value="10.0"/><property name="swoval.tmpdir" value="C:\Users\coreu\AppData\Local\Temp\.sbtdf69c53e\swoval"/><property name="user.home" value="C:\Users\coreu"/><property name="user.timezone" value="Europe/Berlin"/><property name="java.awt.printerjob" value="sun.awt.windows.WPrinterJob"/><property name="file.encoding" value="UTF-8"/><property name="java.specification.version" value="1.8"/><property name="java.class.path" value="C:\Program Files (x86)\sbt\bin\sbt-launch.jar"/><property name="user.name" value="coreu"/><property name="jline.shutdownhook" value="false"/><property name="java.vm.specification.version" value="1.8"/><property name="sun.java.command" value="xsbt.boot.Boot clean coverage test"/><property name="java.home" value="C:\Program Files\Java\jre1.8.0_431"/><property name="sun.arch.data.model" value="64"/><property name="user.language" value="de"/><property name="java.specification.vendor" value="Oracle Corporation"/><property name="awt.toolkit" value="sun.awt.windows.WToolkit"/><property name="java.vm.info" value="mixed mode"/><property name="java.version" value="1.8.0_431"/><property name="java.ext.dirs" value="C:\Program Files\Java\jre1.8.0_431\lib\ext;C:\WINDOWS\Sun\Java\lib\ext"/><property name="sun.boot.class.path" value="C:\Program Files\Java\jre1.8.0_431\lib\resources.jar;C:\Program Files\Java\jre1.8.0_431\lib\rt.jar;C:\Program Files\Java\jre1.8.0_431\lib\jsse.jar;C:\Program Files\Java\jre1.8.0_431\lib\jce.jar;C:\Program Files\Java\jre1.8.0_431\lib\charsets.jar;C:\Program Files\Java\jre1.8.0_431\lib\jfr.jar;C:\Program Files\Java\jre1.8.0_431\classes"/><property name="java.vendor" value="Oracle Corporation"/><property name="sun.stderr.encoding" value="cp850"/><property name="java.specification.maintenance.version" value="6"/><property name="file.separator" value="\"/><property name="java.vendor.url.bug" value="http://bugreport.sun.com/bugreport/"/><property name="sun.io.unicode.encoding" value="UnicodeLittle"/><property name="sun.cpu.endian" value="little"/><property name="sun.stdout.encoding" value="cp850"/><property name="sun.desktop" value="windows"/><property name="sun.cpu.isalist" value="amd64"/>
    </properties>
          <testcase classname="model.PlayerSpec" name="A Player when new should have a name" time="0.033">
                      
                    </testcase><testcase classname="model.PlayerSpec" name="A Player when new should have a nice String representation" time="0.024">
                      
                    </testcase>
          <system-out><![CDATA[]]></system-out>
          <system-err><![CDATA[]]></system-err>
        </testsuite>