<?xml version='1.0' encoding='UTF-8'?>
<testsuite hostname="ShahedDell" name="model.PlayerSpec" tests="2" errors="0" failures="0" skipped="0" time="0.026" timestamp="2024-10-24T23:57:21">
          <properties>
      <property name="java.specification.version" value="21"/><property name="sun.cpu.isalist" value="amd64"/><property name="sun.jnu.encoding" value="Cp1252"/><property name="sun.arch.data.model" value="64"/><property name="sbt.supershell" value="false"/><property name="java.vendor.url" value="https://java.oracle.com/"/><property name="sun.boot.library.path" value="C:\Users\shahd\.jdks\openjdk-21\bin"/><property name="sun.java.command" value="C:\Users\shahd\AppData\Roaming\JetBrains\IntelliJIdea2024.2\plugins\Scala\launcher\sbt-launch.jar early(addPluginSbtFile=&quot;&quot;&quot;C:\Users\shahd\AppData\Local\Temp\idea.sbt&quot;&quot;&quot;) idea-shell"/><property name="jdk.debug" value="release"/><property name="sun.stderr.encoding" value="UTF-8"/><property name="java.specification.vendor" value="Oracle Corporation"/><property name="java.version.date" value="2023-09-19"/><property name="java.home" value="C:\Users\shahd\.jdks\openjdk-21"/><property name="file.separator" value="\"/><property name="java.vm.compressedOopsMode" value="32-bit"/><property name="sun.stdout.encoding" value="UTF-8"/><property name="line.separator" value="
"/><property name="java.vm.specification.vendor" value="Oracle Corporation"/><property name="java.specification.name" value="Java Platform API Specification"/><property name="idea.installation.dir" value="C:\Program Files\JetBrains\IntelliJ IDEA 2023.2.3"/><property name="user.script" value=""/><property name="sun.management.compiler" value="HotSpot 64-Bit Tiered Compilers"/><property name="java.runtime.version" value="21+35-2513"/><property name="user.name" value="shahd"/><property name="log4j.ignoreTCL" value="true"/><property name="file.encoding" value="UTF-8"/><property name="jnidispatch.path" value="C:\Users\shahd\AppData\Local\Temp\jna-109399720\jna723703844902246303.dll"/><property name="jna.loaded" value="true"/><property name="java.io.tmpdir" value="C:\Users\shahd\AppData\Local\Temp\"/><property name="java.version" value="21"/><property name="java.vm.specification.name" value="Java Virtual Machine Specification"/><property name="sun.os.patch.level" value=""/><property name="native.encoding" value="Cp1252"/><property name="java.library.path" value="C:\Users\shahd\.jdks\openjdk-21\bin;C:\WINDOWS\Sun\Java\bin;C:\WINDOWS\system32;C:\WINDOWS;C:\Program Files\Common Files\Oracle\Java\javapath;C:\WINDOWS\system32;C:\WINDOWS;C:\WINDOWS\System32\Wbem;C:\WINDOWS\System32\WindowsPowerShell\v1.0\;C:\WINDOWS\System32\OpenSSH\;C:\Program Files\Git\cmd;C:\Program Files\dotnet\;C:\Program Files\Java\jdk-18.0.2.1\bin;C:\Program Files\MATLAB\R2024a\bin;C:\Program Files\MySQL\MySQL Utilities 1.6\;C:\Program Files\Docker\Docker\resources\bin;C:\Program Files\nodejs\;C:\Users\shahd\AppData\Local\Programs\Python\Python312\Scripts\;C:\Users\shahd\AppData\Local\Programs\Python\Python312\;C:\Users\shahd\AppData\Local\Programs\Python\Python310\Scripts\;C:\Users\shahd\AppData\Local\Programs\Python\Python310\;C:\Users\shahd\AppData\Local\Microsoft\WindowsApps;C:\Users\shahd\AppData\Local\GitHubDesktop\bin;C:\CodeTools\apache-ant-1.9.16\bin;C:\CodeTools\astyle-3.4.8-x64;C:\Program Files (x86)\GnuWin32\bin;E:\CLion 2023.3.4\bin;;C:\Users\shahd\AppData\Roaming\npm;C:\Program Files\nodejs;;."/><property name="stderr.encoding" value="UTF-8"/><property name="java.vendor" value="Oracle Corporation"/><property name="sun.io.unicode.encoding" value="UnicodeLittle"/><property name="java.class.path" value="C:\Users\shahd\AppData\Roaming\JetBrains\IntelliJIdea2024.2\plugins\Scala\launcher\sbt-launch.jar"/><property name="java.vm.vendor" value="Oracle Corporation"/><property name="separate.prod.test.sources.enabled" value="false"/><property name="user.variant" value=""/><property name="jline.shutdownhook" value="false"/><property name="user.timezone" value="Europe/Berlin"/><property name="java.vm.specification.version" value="21"/><property name="os.name" value="Windows 11"/><property name="sun.java.launcher" value="SUN_STANDARD"/><property name="user.country" value="DE"/><property name="sun.cpu.endian" value="little"/><property name="user.home" value="C:\Users\shahd"/><property name="user.language" value="de"/><property name="sbt.ipcsocket.tmpdir" value="C:\Users\shahd\AppData\Local\Temp\.sbt754da9b1\ipcsocket"/><property name="swoval.tmpdir" value="C:\Users\shahd\AppData\Local\Temp\.sbt754da9b1\swoval"/><property name="jline.esc.timeout" value="0"/><property name="stdout.encoding" value="UTF-8"/><property name="path.separator" value=";"/><property name="os.version" value="10.0"/><property name="jna.nosys" value="true"/><property name="java.runtime.name" value="OpenJDK Runtime Environment"/><property name="sbt.log.noformat" value="true"/><property name="java.vm.name" value="OpenJDK 64-Bit Server VM"/><property name="java.vendor.url.bug" value="https://bugreport.java.com/bugreport/"/><property name="user.dir" value="D:\SE_Kitty_Card"/><property name="os.arch" value="amd64"/><property name="grouping.with.qualified.names.enabled" value="true"/><property name="idea.managed" value="true"/><property name="java.vm.info" value="mixed mode, sharing"/><property name="java.vm.version" value="21+35-2513"/><property name="java.class.version" value="65.0"/>
    </properties>
          <testcase classname="model.PlayerSpec" name="A Player when new should have a name" time="0.026">
                      
                    </testcase><testcase classname="model.PlayerSpec" name="A Player when new should have a nice String representation" time="0.0">
                      
                    </testcase>
          <system-out><![CDATA[]]></system-out>
          <system-err><![CDATA[]]></system-err>
        </testsuite>